<?xml version="1.0" encoding="UTF-8"?>
<testsuite name="dev.loki.android.core.tools.local.LocalToolsTest" tests="5" skipped="0" failures="0" errors="0" timestamp="2026-08-24T10:47:15" hostname="Aryans-MacBook-Air.local" time="0.373">
  <properties/>
  <testcase name="GetCurrentTimeTool returns valid time and date strings" classname="dev.loki.android.core.tools.local.LocalToolsTest" time="0.347"/>
  <testcase name="MediaControlTool validates unsupported action" classname="dev.loki.android.core.tools.local.LocalToolsTest" time="0.013"/>
  <testcase name="SetTimerTool validates missing seconds" classname="dev.loki.android.core.tools.local.LocalToolsTest" time="0.003"/>
  <testcase name="DefaultLocalTools registers all 9 tools" classname="dev.loki.android.core.tools.local.LocalToolsTest" time="0.001"/>
  <testcase name="OpenAppTool validates missing app_name" classname="dev.loki.android.core.tools.local.LocalToolsTest" time="0.001"/>
  <system-out><![CDATA[]]></system-out>
  <system-err><![CDATA[]]></system-err>
</testsuite>
